Analysis & Synthesis report for Reaction-Timer
Thu Dec  5 14:28:47 2024
Quartus Prime Version 23.1std.1 Build 993 05/14/2024 SC Lite Edition


---------------------
; Table of Contents ;
---------------------
  1. Legal Notice
  2. Analysis & Synthesis Summary
  3. Analysis & Synthesis Settings
  4. Parallel Compilation
  5. Analysis & Synthesis Source Files Read
  6. Analysis & Synthesis Resource Usage Summary
  7. Analysis & Synthesis Resource Utilization by Entity
  8. State Machine - |GameFSM|current_state
  9. User-Specified and Inferred Latches
 10. General Register Statistics
 11. Inverted Register Statistics
 12. Multiplexer Restructuring Statistics (Restructuring Performed)
 13. Port Connectivity Checks: "SegDecoder:seg_decoder5"
 14. Port Connectivity Checks: "SegDecoder:seg_decoder4"
 15. Port Connectivity Checks: "SegDecoder:seg_decoder3"
 16. Port Connectivity Checks: "SegDecoder:seg_decoder2"
 17. Post-Synthesis Netlist Statistics for Top Partition
 18. Elapsed Time Per Partition
 19. Analysis & Synthesis Messages



----------------
; Legal Notice ;
----------------
Copyright (C) 2024  Intel Corporation. All rights reserved.
Your use of Intel Corporation's design tools, logic functions 
and other software and tools, and any partner logic 
functions, and any output files from any of the foregoing 
(including device programming or simulation files), and any 
associated documentation or information are expressly subject 
to the terms and conditions of the Intel Program License 
Subscription Agreement, the Intel Quartus Prime License Agreement,
the Intel FPGA IP License Agreement, or other applicable license
agreement, including, without limitation, that your use is for
the sole purpose of programming logic devices manufactured by
Intel and sold by Intel or its authorized distributors.  Please
refer to the applicable agreement for further details, at
https://fpgasoftware.intel.com/eula.



+----------------------------------------------------------------------------------+
; Analysis & Synthesis Summary                                                     ;
+---------------------------------+------------------------------------------------+
; Analysis & Synthesis Status     ; Successful - Thu Dec  5 14:28:47 2024          ;
; Quartus Prime Version           ; 23.1std.1 Build 993 05/14/2024 SC Lite Edition ;
; Revision Name                   ; Reaction-Timer                                 ;
; Top-level Entity Name           ; GameFSM                                        ;
; Family                          ; Cyclone V                                      ;
; Logic utilization (in ALMs)     ; N/A                                            ;
; Total registers                 ; 37                                             ;
; Total pins                      ; 60                                             ;
; Total virtual pins              ; 0                                              ;
; Total block memory bits         ; 0                                              ;
; Total DSP Blocks                ; 0                                              ;
; Total HSSI RX PCSs              ; 0                                              ;
; Total HSSI PMA RX Deserializers ; 0                                              ;
; Total HSSI TX PCSs              ; 0                                              ;
; Total HSSI PMA TX Serializers   ; 0                                              ;
; Total PLLs                      ; 0                                              ;
; Total DLLs                      ; 0                                              ;
+---------------------------------+------------------------------------------------+


+---------------------------------------------------------------------------------------------------------------------------+
; Analysis & Synthesis Settings                                                                                             ;
+---------------------------------------------------------------------------------+--------------------+--------------------+
; Option                                                                          ; Setting            ; Default Value      ;
+---------------------------------------------------------------------------------+--------------------+--------------------+
; Device                                                                          ; 5CSXFC6D6F31C6     ;                    ;
; Top-level entity name                                                           ; GameFSM            ; Reaction-Timer     ;
; Family name                                                                     ; Cyclone V          ; Cyclone V          ;
; Use smart compilation                                                           ; Off                ; Off                ;
; Enable parallel Assembler and Timing Analyzer during compilation                ; On                 ; On                 ;
; Enable compact report table                                                     ; Off                ; Off                ;
; Restructure Multiplexers                                                        ; Auto               ; Auto               ;
; MLAB Add Timing Constraints For Mixed-Port Feed-Through Mode Setting Don't Care ; Off                ; Off                ;
; Create Debugging Nodes for IP Cores                                             ; Off                ; Off                ;
; Preserve fewer node names                                                       ; On                 ; On                 ;
; Intel FPGA IP Evaluation Mode                                                   ; Enable             ; Enable             ;
; Verilog Version                                                                 ; Verilog_2001       ; Verilog_2001       ;
; VHDL Version                                                                    ; VHDL_1993          ; VHDL_1993          ;
; State Machine Processing                                                        ; Auto               ; Auto               ;
; Safe State Machine                                                              ; Off                ; Off                ;
; Extract Verilog State Machines                                                  ; On                 ; On                 ;
; Extract VHDL State Machines                                                     ; On                 ; On                 ;
; Ignore Verilog initial constructs                                               ; Off                ; Off                ;
; Iteration limit for constant Verilog loops                                      ; 5000               ; 5000               ;
; Iteration limit for non-constant Verilog loops                                  ; 250                ; 250                ;
; Add Pass-Through Logic to Inferred RAMs                                         ; On                 ; On                 ;
; Infer RAMs from Raw Logic                                                       ; On                 ; On                 ;
; Parallel Synthesis                                                              ; On                 ; On                 ;
; DSP Block Balancing                                                             ; Auto               ; Auto               ;
; NOT Gate Push-Back                                                              ; On                 ; On                 ;
; Power-Up Don't Care                                                             ; On                 ; On                 ;
; Remove Redundant Logic Cells                                                    ; Off                ; Off                ;
; Remove Duplicate Registers                                                      ; On                 ; On                 ;
; Ignore CARRY Buffers                                                            ; Off                ; Off                ;
; Ignore CASCADE Buffers                                                          ; Off                ; Off                ;
; Ignore GLOBAL Buffers                                                           ; Off                ; Off                ;
; Ignore ROW GLOBAL Buffers                                                       ; Off                ; Off                ;
; Ignore LCELL Buffers                                                            ; Off                ; Off                ;
; Ignore SOFT Buffers                                                             ; On                 ; On                 ;
; Limit AHDL Integers to 32 Bits                                                  ; Off                ; Off                ;
; Optimization Technique                                                          ; Balanced           ; Balanced           ;
; Carry Chain Length                                                              ; 70                 ; 70                 ;
; Auto Carry Chains                                                               ; On                 ; On                 ;
; Auto Open-Drain Pins                                                            ; On                 ; On                 ;
; Perform WYSIWYG Primitive Resynthesis                                           ; Off                ; Off                ;
; Auto ROM Replacement                                                            ; On                 ; On                 ;
; Auto RAM Replacement                                                            ; On                 ; On                 ;
; Auto DSP Block Replacement                                                      ; On                 ; On                 ;
; Auto Shift Register Replacement                                                 ; Auto               ; Auto               ;
; Allow Shift Register Merging across Hierarchies                                 ; Auto               ; Auto               ;
; Auto Clock Enable Replacement                                                   ; On                 ; On                 ;
; Strict RAM Replacement                                                          ; Off                ; Off                ;
; Allow Synchronous Control Signals                                               ; On                 ; On                 ;
; Force Use of Synchronous Clear Signals                                          ; Off                ; Off                ;
; Auto Resource Sharing                                                           ; Off                ; Off                ;
; Allow Any RAM Size For Recognition                                              ; Off                ; Off                ;
; Allow Any ROM Size For Recognition                                              ; Off                ; Off                ;
; Allow Any Shift Register Size For Recognition                                   ; Off                ; Off                ;
; Use LogicLock Constraints during Resource Balancing                             ; On                 ; On                 ;
; Ignore translate_off and synthesis_off directives                               ; Off                ; Off                ;
; Timing-Driven Synthesis                                                         ; On                 ; On                 ;
; Report Parameter Settings                                                       ; On                 ; On                 ;
; Report Source Assignments                                                       ; On                 ; On                 ;
; Report Connectivity Checks                                                      ; On                 ; On                 ;
; Ignore Maximum Fan-Out Assignments                                              ; Off                ; Off                ;
; Synchronization Register Chain Length                                           ; 3                  ; 3                  ;
; Power Optimization During Synthesis                                             ; Normal compilation ; Normal compilation ;
; HDL message level                                                               ; Level2             ; Level2             ;
; Suppress Register Optimization Related Messages                                 ; Off                ; Off                ;
; Number of Removed Registers Reported in Synthesis Report                        ; 5000               ; 5000               ;
; Number of Swept Nodes Reported in Synthesis Report                              ; 5000               ; 5000               ;
; Number of Inverted Registers Reported in Synthesis Report                       ; 100                ; 100                ;
; Clock MUX Protection                                                            ; On                 ; On                 ;
; Auto Gated Clock Conversion                                                     ; Off                ; Off                ;
; Block Design Naming                                                             ; Auto               ; Auto               ;
; SDC constraint protection                                                       ; Off                ; Off                ;
; Synthesis Effort                                                                ; Auto               ; Auto               ;
; Shift Register Replacement - Allow Asynchronous Clear Signal                    ; On                 ; On                 ;
; Pre-Mapping Resynthesis Optimization                                            ; Off                ; Off                ;
; Analysis & Synthesis Message Level                                              ; Medium             ; Medium             ;
; Disable Register Merging Across Hierarchies                                     ; Auto               ; Auto               ;
; Resource Aware Inference For Block RAM                                          ; On                 ; On                 ;
; Automatic Parallel Synthesis                                                    ; On                 ; On                 ;
; Partial Reconfiguration Bitstream ID                                            ; Off                ; Off                ;
+---------------------------------------------------------------------------------+--------------------+--------------------+


+------------------------------------------+
; Parallel Compilation                     ;
+----------------------------+-------------+
; Processors                 ; Number      ;
+----------------------------+-------------+
; Number detected on machine ; 16          ;
; Maximum allowed            ; 16          ;
;                            ;             ;
; Average used               ; 1.00        ;
; Maximum used               ; 16          ;
;                            ;             ;
; Usage by Processor         ; % Time Used ;
;     Processor 1            ; 100.0%      ;
;     Processors 2-16        ;   0.0%      ;
+----------------------------+-------------+


+------------------------------------------------------------------------------------------------------------------------------------------------------------+
; Analysis & Synthesis Source Files Read                                                                                                                     ;
+----------------------------------+-----------------+-----------------+---------------------------------------------------------------------------+---------+
; File Name with User-Entered Path ; Used in Netlist ; File Type       ; File Name with Absolute Path                                              ; Library ;
+----------------------------------+-----------------+-----------------+---------------------------------------------------------------------------+---------+
; PreScale.vhd                     ; yes             ; User VHDL File  ; C:/Users/micha/OneDrive/Documents/GitHub/FPGA-Reaction-Timer/PreScale.vhd ;         ;
; RandGen.vhd                      ; yes             ; User VHDL File  ; C:/Users/micha/OneDrive/Documents/GitHub/FPGA-Reaction-Timer/RandGen.vhd  ;         ;
; GameFSM.vhd                      ; yes             ; User VHDL File  ; C:/Users/micha/OneDrive/Documents/GitHub/FPGA-Reaction-Timer/GameFSM.vhd  ;         ;
; ../ENSC-252/lab3/SegDecoder.vhd  ; yes             ; User VHDL File  ; C:/Users/micha/OneDrive/Documents/GitHub/ENSC-252/lab3/SegDecoder.vhd     ;         ;
+----------------------------------+-----------------+-----------------+---------------------------------------------------------------------------+---------+


+---------------------------------------------------------------------------+
; Analysis & Synthesis Resource Usage Summary                               ;
+---------------------------------------------+-----------------------------+
; Resource                                    ; Usage                       ;
+---------------------------------------------+-----------------------------+
; Estimate of Logic utilization (ALMs needed) ; 38                          ;
;                                             ;                             ;
; Combinational ALUT usage for logic          ; 68                          ;
;     -- 7 input functions                    ; 0                           ;
;     -- 6 input functions                    ; 7                           ;
;     -- 5 input functions                    ; 0                           ;
;     -- 4 input functions                    ; 11                          ;
;     -- <=3 input functions                  ; 50                          ;
;                                             ;                             ;
; Dedicated logic registers                   ; 37                          ;
;                                             ;                             ;
; I/O pins                                    ; 60                          ;
;                                             ;                             ;
; Total DSP Blocks                            ; 0                           ;
;                                             ;                             ;
; Maximum fan-out node                        ; PreScale:prescaler|Equal0~6 ;
; Maximum fan-out                             ; 25                          ;
; Total fan-out                               ; 385                         ;
; Average fan-out                             ; 1.71                        ;
+---------------------------------------------+-----------------------------+


+-------------------------------------------------------------------------------------------------------------------------------------------------------------------------------------------------------+
; Analysis & Synthesis Resource Utilization by Entity                                                                                                                                                   ;
+------------------------------+---------------------+---------------------------+-------------------+------------+------+--------------+----------------------------------+-------------+--------------+
; Compilation Hierarchy Node   ; Combinational ALUTs ; Dedicated Logic Registers ; Block Memory Bits ; DSP Blocks ; Pins ; Virtual Pins ; Full Hierarchy Name              ; Entity Name ; Library Name ;
+------------------------------+---------------------+---------------------------+-------------------+------------+------+--------------+----------------------------------+-------------+--------------+
; |GameFSM                     ; 68 (26)             ; 37 (8)                    ; 0                 ; 0          ; 60   ; 0            ; |GameFSM                         ; GameFSM     ; work         ;
;    |PreScale:prescaler|      ; 32 (32)             ; 25 (25)                   ; 0                 ; 0          ; 0    ; 0            ; |GameFSM|PreScale:prescaler      ; PreScale    ; work         ;
;    |RandGen:RandomGen|       ; 3 (3)               ; 4 (4)                     ; 0                 ; 0          ; 0    ; 0            ; |GameFSM|RandGen:RandomGen       ; RandGen     ; work         ;
;    |SegDecoder:seg_decoder0| ; 7 (7)               ; 0 (0)                     ; 0                 ; 0          ; 0    ; 0            ; |GameFSM|SegDecoder:seg_decoder0 ; SegDecoder  ; work         ;
+------------------------------+---------------------+---------------------------+-------------------+------------+------+--------------+----------------------------------+-------------+--------------+
Note: For table entries with two numbers listed, the numbers in parentheses indicate the number of resources of the given type used by the specific entity alone. The numbers listed outside of parentheses indicate the total resources of the given type used by the specific entity and all of its sub-entities in the hierarchy.


Encoding Type:  One-Hot
+--------------------------------------------------------------------------------------------------------------------------------------------------------------------------------------------------------------------+
; State Machine - |GameFSM|current_state                                                                                                                                                                             ;
+-------------------------+----------------------+-----------------------+----------------------+----------------------+-------------------------+----------------------+----------------------+---------------------+
; Name                    ; current_state.Winner ; current_state.Compare ; current_state.P2Game ; current_state.WaitP2 ; current_state.DisplayP1 ; current_state.P1Game ; current_state.WaitP1 ; current_state.Setup ;
+-------------------------+----------------------+-----------------------+----------------------+----------------------+-------------------------+----------------------+----------------------+---------------------+
; current_state.Setup     ; 0                    ; 0                     ; 0                    ; 0                    ; 0                       ; 0                    ; 0                    ; 0                   ;
; current_state.WaitP1    ; 0                    ; 0                     ; 0                    ; 0                    ; 0                       ; 0                    ; 1                    ; 1                   ;
; current_state.P1Game    ; 0                    ; 0                     ; 0                    ; 0                    ; 0                       ; 1                    ; 0                    ; 1                   ;
; current_state.DisplayP1 ; 0                    ; 0                     ; 0                    ; 0                    ; 1                       ; 0                    ; 0                    ; 1                   ;
; current_state.WaitP2    ; 0                    ; 0                     ; 0                    ; 1                    ; 0                       ; 0                    ; 0                    ; 1                   ;
; current_state.P2Game    ; 0                    ; 0                     ; 1                    ; 0                    ; 0                       ; 0                    ; 0                    ; 1                   ;
; current_state.Compare   ; 0                    ; 1                     ; 0                    ; 0                    ; 0                       ; 0                    ; 0                    ; 1                   ;
; current_state.Winner    ; 1                    ; 0                     ; 0                    ; 0                    ; 0                       ; 0                    ; 0                    ; 1                   ;
+-------------------------+----------------------+-----------------------+----------------------+----------------------+-------------------------+----------------------+----------------------+---------------------+


+----------------------------------------------------------------------------------------------------+
; User-Specified and Inferred Latches                                                                ;
+-----------------------------------------------------+---------------------+------------------------+
; Latch Name                                          ; Latch Enable Signal ; Free of Timing Hazards ;
+-----------------------------------------------------+---------------------+------------------------+
; hex_disp[0]$latch                                   ; WideOr0             ; yes                    ;
; hex_disp[1]$latch                                   ; WideOr0             ; yes                    ;
; hex_disp[2]$latch                                   ; WideOr0             ; yes                    ;
; hex_disp[3]$latch                                   ; WideOr0             ; yes                    ;
; next_state.DisplayP1_438                            ; Selector6           ; yes                    ;
; next_state.Setup_468                                ; Selector6           ; yes                    ;
; next_state.P1Game_448                               ; Selector6           ; yes                    ;
; next_state.P2Game_418                               ; Selector6           ; yes                    ;
; next_state.Winner_398                               ; Selector6           ; yes                    ;
; next_state.WaitP1_458                               ; Selector6           ; yes                    ;
; next_state.WaitP2_428                               ; Selector6           ; yes                    ;
; next_state.Compare_408                              ; Selector6           ; yes                    ;
; Number of user-specified and inferred latches = 12  ;                     ;                        ;
+-----------------------------------------------------+---------------------+------------------------+
Note: All latches listed above may not be present at the end of synthesis due to various synthesis optimizations.


+------------------------------------------------------+
; General Register Statistics                          ;
+----------------------------------------------+-------+
; Statistic                                    ; Value ;
+----------------------------------------------+-------+
; Total registers                              ; 37    ;
; Number of registers using Synchronous Clear  ; 25    ;
; Number of registers using Synchronous Load   ; 0     ;
; Number of registers using Asynchronous Clear ; 12    ;
; Number of registers using Asynchronous Load  ; 0     ;
; Number of registers using Clock Enable       ; 0     ;
; Number of registers using Preset             ; 0     ;
+----------------------------------------------+-------+


+--------------------------------------------------+
; Inverted Register Statistics                     ;
+----------------------------------------+---------+
; Inverted Register                      ; Fan out ;
+----------------------------------------+---------+
; RandGen:RandomGen|lfsr[0]              ; 9       ;
; RandGen:RandomGen|lfsr[2]              ; 10      ;
; RandGen:RandomGen|lfsr[3]              ; 9       ;
; Total number of inverted registers = 3 ;         ;
+----------------------------------------+---------+


+-------------------------------------------------------------------------------------------------------------------------------------------------+
; Multiplexer Restructuring Statistics (Restructuring Performed)                                                                                  ;
+--------------------+-----------+---------------+----------------------+------------------------+------------+-----------------------------------+
; Multiplexer Inputs ; Bus Width ; Baseline Area ; Area if Restructured ; Saving if Restructured ; Registered ; Example Multiplexer Output        ;
+--------------------+-----------+---------------+----------------------+------------------------+------------+-----------------------------------+
; 3:1                ; 4 bits    ; 8 LEs         ; 8 LEs                ; 0 LEs                  ; No         ; |GameFSM|PreScale:prescaler|N[22] ;
+--------------------+-----------+---------------+----------------------+------------------------+------------+-----------------------------------+


+-----------------------------------------------------+
; Port Connectivity Checks: "SegDecoder:seg_decoder5" ;
+------+-------+----------+---------------------------+
; Port ; Type  ; Severity ; Details                   ;
+------+-------+----------+---------------------------+
; d    ; Input ; Info     ; Stuck at GND              ;
+------+-------+----------+---------------------------+


+-----------------------------------------------------+
; Port Connectivity Checks: "SegDecoder:seg_decoder4" ;
+------+-------+----------+---------------------------+
; Port ; Type  ; Severity ; Details                   ;
+------+-------+----------+---------------------------+
; d    ; Input ; Info     ; Stuck at GND              ;
+------+-------+----------+---------------------------+


+-----------------------------------------------------+
; Port Connectivity Checks: "SegDecoder:seg_decoder3" ;
+------+-------+----------+---------------------------+
; Port ; Type  ; Severity ; Details                   ;
+------+-------+----------+---------------------------+
; d    ; Input ; Info     ; Stuck at GND              ;
+------+-------+----------+---------------------------+


+-----------------------------------------------------+
; Port Connectivity Checks: "SegDecoder:seg_decoder2" ;
+------+-------+----------+---------------------------+
; Port ; Type  ; Severity ; Details                   ;
+------+-------+----------+---------------------------+
; d    ; Input ; Info     ; Stuck at GND              ;
+------+-------+----------+---------------------------+


+-----------------------------------------------------+
; Post-Synthesis Netlist Statistics for Top Partition ;
+-----------------------+-----------------------------+
; Type                  ; Count                       ;
+-----------------------+-----------------------------+
; arriav_ff             ; 37                          ;
;     CLR               ; 12                          ;
;     SCLR              ; 25                          ;
; arriav_lcell_comb     ; 71                          ;
;     arith             ; 25                          ;
;         1 data inputs ; 25                          ;
;     normal            ; 46                          ;
;         0 data inputs ; 2                           ;
;         1 data inputs ; 4                           ;
;         2 data inputs ; 8                           ;
;         3 data inputs ; 14                          ;
;         4 data inputs ; 11                          ;
;         6 data inputs ; 7                           ;
; boundary_port         ; 60                          ;
;                       ;                             ;
; Max LUT depth         ; 3.40                        ;
; Average LUT depth     ; 2.14                        ;
+-----------------------+-----------------------------+


+-------------------------------+
; Elapsed Time Per Partition    ;
+----------------+--------------+
; Partition Name ; Elapsed Time ;
+----------------+--------------+
; Top            ; 00:00:00     ;
+----------------+--------------+


+-------------------------------+
; Analysis & Synthesis Messages ;
+-------------------------------+
Info: *******************************************************************
Info: Running Quartus Prime Analysis & Synthesis
    Info: Version 23.1std.1 Build 993 05/14/2024 SC Lite Edition
    Info: Processing started: Thu Dec  5 14:28:39 2024
Info: Command: quartus_map --read_settings_files=on --write_settings_files=off Reaction-Timer -c Reaction-Timer
Warning (18236): Number of processors has not been specified which may cause overloading on shared machines.  Set the global assignment NUM_PARALLEL_PROCESSORS in your QSF to an appropriate value for best performance.
Info (20030): Parallel compilation is enabled and will use 16 of the 16 processors detected
Info (12021): Found 2 design units, including 1 entities, in source file debounce.vhd
    Info (12022): Found design unit 1: Debounce-Behavioral File: C:/Users/micha/OneDrive/Documents/GitHub/FPGA-Reaction-Timer/Debounce.vhd Line: 11
    Info (12023): Found entity 1: Debounce File: C:/Users/micha/OneDrive/Documents/GitHub/FPGA-Reaction-Timer/Debounce.vhd Line: 4
Info (12021): Found 2 design units, including 1 entities, in source file prescale.vhd
    Info (12022): Found design unit 1: PreScale-PreScaling File: C:/Users/micha/OneDrive/Documents/GitHub/FPGA-Reaction-Timer/PreScale.vhd Line: 13
    Info (12023): Found entity 1: PreScale File: C:/Users/micha/OneDrive/Documents/GitHub/FPGA-Reaction-Timer/PreScale.vhd Line: 5
Info (12021): Found 2 design units, including 1 entities, in source file randgen.vhd
    Info (12022): Found design unit 1: RandGen-Behavioral File: C:/Users/micha/OneDrive/Documents/GitHub/FPGA-Reaction-Timer/RandGen.vhd Line: 13
    Info (12023): Found entity 1: RandGen File: C:/Users/micha/OneDrive/Documents/GitHub/FPGA-Reaction-Timer/RandGen.vhd Line: 5
Info (12021): Found 2 design units, including 1 entities, in source file gamefsm.vhd
    Info (12022): Found design unit 1: GameFSM-FSM File: C:/Users/micha/OneDrive/Documents/GitHub/FPGA-Reaction-Timer/GameFSM.vhd Line: 23
    Info (12023): Found entity 1: GameFSM File: C:/Users/micha/OneDrive/Documents/GitHub/FPGA-Reaction-Timer/GameFSM.vhd Line: 5
Info (12021): Found 2 design units, including 1 entities, in source file /users/micha/onedrive/documents/github/ensc-252/lab3/segdecoder.vhd
    Info (12022): Found design unit 1: SegDecoder-behavorial File: C:/Users/micha/OneDrive/Documents/GitHub/ENSC-252/lab3/SegDecoder.vhd Line: 12
    Info (12023): Found entity 1: SegDecoder File: C:/Users/micha/OneDrive/Documents/GitHub/ENSC-252/lab3/SegDecoder.vhd Line: 6
Info (12127): Elaborating entity "GameFSM" for the top level hierarchy
Warning (10036): Verilog HDL or VHDL warning at GameFSM.vhd(31): object "reset_over" assigned a value but never read File: C:/Users/micha/OneDrive/Documents/GitHub/FPGA-Reaction-Timer/GameFSM.vhd Line: 31
Warning (10540): VHDL Signal Declaration warning at GameFSM.vhd(32): used explicit default value for signal "counter_p1" because signal was never assigned a value File: C:/Users/micha/OneDrive/Documents/GitHub/FPGA-Reaction-Timer/GameFSM.vhd Line: 32
Warning (10540): VHDL Signal Declaration warning at GameFSM.vhd(32): used explicit default value for signal "counter_p2" because signal was never assigned a value File: C:/Users/micha/OneDrive/Documents/GitHub/FPGA-Reaction-Timer/GameFSM.vhd Line: 32
Warning (10036): Verilog HDL or VHDL warning at GameFSM.vhd(33): object "counting_p1" assigned a value but never read File: C:/Users/micha/OneDrive/Documents/GitHub/FPGA-Reaction-Timer/GameFSM.vhd Line: 33
Warning (10036): Verilog HDL or VHDL warning at GameFSM.vhd(33): object "counting_p2" assigned a value but never read File: C:/Users/micha/OneDrive/Documents/GitHub/FPGA-Reaction-Timer/GameFSM.vhd Line: 33
Warning (10492): VHDL Process Statement warning at GameFSM.vhd(99): signal "reset_game" is read inside the Process Statement but isn't in the Process Statement's sensitivity list File: C:/Users/micha/OneDrive/Documents/GitHub/FPGA-Reaction-Timer/GameFSM.vhd Line: 99
Warning (10492): VHDL Process Statement warning at GameFSM.vhd(153): signal "reset_game" is read inside the Process Statement but isn't in the Process Statement's sensitivity list File: C:/Users/micha/OneDrive/Documents/GitHub/FPGA-Reaction-Timer/GameFSM.vhd Line: 153
Warning (10631): VHDL Process Statement warning at GameFSM.vhd(92): inferring latch(es) for signal or variable "hex_disp", which holds its previous value in one or more paths through the process File: C:/Users/micha/OneDrive/Documents/GitHub/FPGA-Reaction-Timer/GameFSM.vhd Line: 92
Warning (10631): VHDL Process Statement warning at GameFSM.vhd(92): inferring latch(es) for signal or variable "time_p1", which holds its previous value in one or more paths through the process File: C:/Users/micha/OneDrive/Documents/GitHub/FPGA-Reaction-Timer/GameFSM.vhd Line: 92
Warning (10631): VHDL Process Statement warning at GameFSM.vhd(92): inferring latch(es) for signal or variable "time_p2", which holds its previous value in one or more paths through the process File: C:/Users/micha/OneDrive/Documents/GitHub/FPGA-Reaction-Timer/GameFSM.vhd Line: 92
Warning (10631): VHDL Process Statement warning at GameFSM.vhd(92): inferring latch(es) for signal or variable "next_state", which holds its previous value in one or more paths through the process File: C:/Users/micha/OneDrive/Documents/GitHub/FPGA-Reaction-Timer/GameFSM.vhd Line: 92
Warning (10631): VHDL Process Statement warning at GameFSM.vhd(92): inferring latch(es) for signal or variable "winner_led", which holds its previous value in one or more paths through the process File: C:/Users/micha/OneDrive/Documents/GitHub/FPGA-Reaction-Timer/GameFSM.vhd Line: 92
Info (10041): Inferred latch for "winner_led[0]" at GameFSM.vhd(92) File: C:/Users/micha/OneDrive/Documents/GitHub/FPGA-Reaction-Timer/GameFSM.vhd Line: 92
Info (10041): Inferred latch for "winner_led[1]" at GameFSM.vhd(92) File: C:/Users/micha/OneDrive/Documents/GitHub/FPGA-Reaction-Timer/GameFSM.vhd Line: 92
Info (10041): Inferred latch for "next_state.Winner" at GameFSM.vhd(92) File: C:/Users/micha/OneDrive/Documents/GitHub/FPGA-Reaction-Timer/GameFSM.vhd Line: 92
Info (10041): Inferred latch for "next_state.Compare" at GameFSM.vhd(92) File: C:/Users/micha/OneDrive/Documents/GitHub/FPGA-Reaction-Timer/GameFSM.vhd Line: 92
Info (10041): Inferred latch for "next_state.P2Game" at GameFSM.vhd(92) File: C:/Users/micha/OneDrive/Documents/GitHub/FPGA-Reaction-Timer/GameFSM.vhd Line: 92
Info (10041): Inferred latch for "next_state.WaitP2" at GameFSM.vhd(92) File: C:/Users/micha/OneDrive/Documents/GitHub/FPGA-Reaction-Timer/GameFSM.vhd Line: 92
Info (10041): Inferred latch for "next_state.DisplayP1" at GameFSM.vhd(92) File: C:/Users/micha/OneDrive/Documents/GitHub/FPGA-Reaction-Timer/GameFSM.vhd Line: 92
Info (10041): Inferred latch for "next_state.P1Game" at GameFSM.vhd(92) File: C:/Users/micha/OneDrive/Documents/GitHub/FPGA-Reaction-Timer/GameFSM.vhd Line: 92
Info (10041): Inferred latch for "next_state.WaitP1" at GameFSM.vhd(92) File: C:/Users/micha/OneDrive/Documents/GitHub/FPGA-Reaction-Timer/GameFSM.vhd Line: 92
Info (10041): Inferred latch for "next_state.Setup" at GameFSM.vhd(92) File: C:/Users/micha/OneDrive/Documents/GitHub/FPGA-Reaction-Timer/GameFSM.vhd Line: 92
Info (10041): Inferred latch for "time_p2[0]" at GameFSM.vhd(92) File: C:/Users/micha/OneDrive/Documents/GitHub/FPGA-Reaction-Timer/GameFSM.vhd Line: 92
Info (10041): Inferred latch for "time_p2[1]" at GameFSM.vhd(92) File: C:/Users/micha/OneDrive/Documents/GitHub/FPGA-Reaction-Timer/GameFSM.vhd Line: 92
Info (10041): Inferred latch for "time_p2[2]" at GameFSM.vhd(92) File: C:/Users/micha/OneDrive/Documents/GitHub/FPGA-Reaction-Timer/GameFSM.vhd Line: 92
Info (10041): Inferred latch for "time_p2[3]" at GameFSM.vhd(92) File: C:/Users/micha/OneDrive/Documents/GitHub/FPGA-Reaction-Timer/GameFSM.vhd Line: 92
Info (10041): Inferred latch for "time_p2[4]" at GameFSM.vhd(92) File: C:/Users/micha/OneDrive/Documents/GitHub/FPGA-Reaction-Timer/GameFSM.vhd Line: 92
Info (10041): Inferred latch for "time_p2[5]" at GameFSM.vhd(92) File: C:/Users/micha/OneDrive/Documents/GitHub/FPGA-Reaction-Timer/GameFSM.vhd Line: 92
Info (10041): Inferred latch for "time_p2[6]" at GameFSM.vhd(92) File: C:/Users/micha/OneDrive/Documents/GitHub/FPGA-Reaction-Timer/GameFSM.vhd Line: 92
Info (10041): Inferred latch for "time_p2[7]" at GameFSM.vhd(92) File: C:/Users/micha/OneDrive/Documents/GitHub/FPGA-Reaction-Timer/GameFSM.vhd Line: 92
Info (10041): Inferred latch for "time_p2[8]" at GameFSM.vhd(92) File: C:/Users/micha/OneDrive/Documents/GitHub/FPGA-Reaction-Timer/GameFSM.vhd Line: 92
Info (10041): Inferred latch for "time_p2[9]" at GameFSM.vhd(92) File: C:/Users/micha/OneDrive/Documents/GitHub/FPGA-Reaction-Timer/GameFSM.vhd Line: 92
Info (10041): Inferred latch for "time_p2[10]" at GameFSM.vhd(92) File: C:/Users/micha/OneDrive/Documents/GitHub/FPGA-Reaction-Timer/GameFSM.vhd Line: 92
Info (10041): Inferred latch for "time_p2[11]" at GameFSM.vhd(92) File: C:/Users/micha/OneDrive/Documents/GitHub/FPGA-Reaction-Timer/GameFSM.vhd Line: 92
Info (10041): Inferred latch for "time_p2[12]" at GameFSM.vhd(92) File: C:/Users/micha/OneDrive/Documents/GitHub/FPGA-Reaction-Timer/GameFSM.vhd Line: 92
Info (10041): Inferred latch for "time_p2[13]" at GameFSM.vhd(92) File: C:/Users/micha/OneDrive/Documents/GitHub/FPGA-Reaction-Timer/GameFSM.vhd Line: 92
Info (10041): Inferred latch for "time_p2[14]" at GameFSM.vhd(92) File: C:/Users/micha/OneDrive/Documents/GitHub/FPGA-Reaction-Timer/GameFSM.vhd Line: 92
Info (10041): Inferred latch for "time_p2[15]" at GameFSM.vhd(92) File: C:/Users/micha/OneDrive/Documents/GitHub/FPGA-Reaction-Timer/GameFSM.vhd Line: 92
Info (10041): Inferred latch for "time_p2[16]" at GameFSM.vhd(92) File: C:/Users/micha/OneDrive/Documents/GitHub/FPGA-Reaction-Timer/GameFSM.vhd Line: 92
Info (10041): Inferred latch for "time_p2[17]" at GameFSM.vhd(92) File: C:/Users/micha/OneDrive/Documents/GitHub/FPGA-Reaction-Timer/GameFSM.vhd Line: 92
Info (10041): Inferred latch for "time_p2[18]" at GameFSM.vhd(92) File: C:/Users/micha/OneDrive/Documents/GitHub/FPGA-Reaction-Timer/GameFSM.vhd Line: 92
Info (10041): Inferred latch for "time_p2[19]" at GameFSM.vhd(92) File: C:/Users/micha/OneDrive/Documents/GitHub/FPGA-Reaction-Timer/GameFSM.vhd Line: 92
Info (10041): Inferred latch for "time_p2[20]" at GameFSM.vhd(92) File: C:/Users/micha/OneDrive/Documents/GitHub/FPGA-Reaction-Timer/GameFSM.vhd Line: 92
Info (10041): Inferred latch for "time_p2[21]" at GameFSM.vhd(92) File: C:/Users/micha/OneDrive/Documents/GitHub/FPGA-Reaction-Timer/GameFSM.vhd Line: 92
Info (10041): Inferred latch for "time_p2[22]" at GameFSM.vhd(92) File: C:/Users/micha/OneDrive/Documents/GitHub/FPGA-Reaction-Timer/GameFSM.vhd Line: 92
Info (10041): Inferred latch for "time_p2[23]" at GameFSM.vhd(92) File: C:/Users/micha/OneDrive/Documents/GitHub/FPGA-Reaction-Timer/GameFSM.vhd Line: 92
Info (10041): Inferred latch for "time_p1[0]" at GameFSM.vhd(92) File: C:/Users/micha/OneDrive/Documents/GitHub/FPGA-Reaction-Timer/GameFSM.vhd Line: 92
Info (10041): Inferred latch for "time_p1[1]" at GameFSM.vhd(92) File: C:/Users/micha/OneDrive/Documents/GitHub/FPGA-Reaction-Timer/GameFSM.vhd Line: 92
Info (10041): Inferred latch for "time_p1[2]" at GameFSM.vhd(92) File: C:/Users/micha/OneDrive/Documents/GitHub/FPGA-Reaction-Timer/GameFSM.vhd Line: 92
Info (10041): Inferred latch for "time_p1[3]" at GameFSM.vhd(92) File: C:/Users/micha/OneDrive/Documents/GitHub/FPGA-Reaction-Timer/GameFSM.vhd Line: 92
Info (10041): Inferred latch for "time_p1[4]" at GameFSM.vhd(92) File: C:/Users/micha/OneDrive/Documents/GitHub/FPGA-Reaction-Timer/GameFSM.vhd Line: 92
Info (10041): Inferred latch for "time_p1[5]" at GameFSM.vhd(92) File: C:/Users/micha/OneDrive/Documents/GitHub/FPGA-Reaction-Timer/GameFSM.vhd Line: 92
Info (10041): Inferred latch for "time_p1[6]" at GameFSM.vhd(92) File: C:/Users/micha/OneDrive/Documents/GitHub/FPGA-Reaction-Timer/GameFSM.vhd Line: 92
Info (10041): Inferred latch for "time_p1[7]" at GameFSM.vhd(92) File: C:/Users/micha/OneDrive/Documents/GitHub/FPGA-Reaction-Timer/GameFSM.vhd Line: 92
Info (10041): Inferred latch for "time_p1[8]" at GameFSM.vhd(92) File: C:/Users/micha/OneDrive/Documents/GitHub/FPGA-Reaction-Timer/GameFSM.vhd Line: 92
Info (10041): Inferred latch for "time_p1[9]" at GameFSM.vhd(92) File: C:/Users/micha/OneDrive/Documents/GitHub/FPGA-Reaction-Timer/GameFSM.vhd Line: 92
Info (10041): Inferred latch for "time_p1[10]" at GameFSM.vhd(92) File: C:/Users/micha/OneDrive/Documents/GitHub/FPGA-Reaction-Timer/GameFSM.vhd Line: 92
Info (10041): Inferred latch for "time_p1[11]" at GameFSM.vhd(92) File: C:/Users/micha/OneDrive/Documents/GitHub/FPGA-Reaction-Timer/GameFSM.vhd Line: 92
Info (10041): Inferred latch for "time_p1[12]" at GameFSM.vhd(92) File: C:/Users/micha/OneDrive/Documents/GitHub/FPGA-Reaction-Timer/GameFSM.vhd Line: 92
Info (10041): Inferred latch for "time_p1[13]" at GameFSM.vhd(92) File: C:/Users/micha/OneDrive/Documents/GitHub/FPGA-Reaction-Timer/GameFSM.vhd Line: 92
Info (10041): Inferred latch for "time_p1[14]" at GameFSM.vhd(92) File: C:/Users/micha/OneDrive/Documents/GitHub/FPGA-Reaction-Timer/GameFSM.vhd Line: 92
Info (10041): Inferred latch for "time_p1[15]" at GameFSM.vhd(92) File: C:/Users/micha/OneDrive/Documents/GitHub/FPGA-Reaction-Timer/GameFSM.vhd Line: 92
Info (10041): Inferred latch for "time_p1[16]" at GameFSM.vhd(92) File: C:/Users/micha/OneDrive/Documents/GitHub/FPGA-Reaction-Timer/GameFSM.vhd Line: 92
Info (10041): Inferred latch for "time_p1[17]" at GameFSM.vhd(92) File: C:/Users/micha/OneDrive/Documents/GitHub/FPGA-Reaction-Timer/GameFSM.vhd Line: 92
Info (10041): Inferred latch for "time_p1[18]" at GameFSM.vhd(92) File: C:/Users/micha/OneDrive/Documents/GitHub/FPGA-Reaction-Timer/GameFSM.vhd Line: 92
Info (10041): Inferred latch for "time_p1[19]" at GameFSM.vhd(92) File: C:/Users/micha/OneDrive/Documents/GitHub/FPGA-Reaction-Timer/GameFSM.vhd Line: 92
Info (10041): Inferred latch for "time_p1[20]" at GameFSM.vhd(92) File: C:/Users/micha/OneDrive/Documents/GitHub/FPGA-Reaction-Timer/GameFSM.vhd Line: 92
Info (10041): Inferred latch for "time_p1[21]" at GameFSM.vhd(92) File: C:/Users/micha/OneDrive/Documents/GitHub/FPGA-Reaction-Timer/GameFSM.vhd Line: 92
Info (10041): Inferred latch for "time_p1[22]" at GameFSM.vhd(92) File: C:/Users/micha/OneDrive/Documents/GitHub/FPGA-Reaction-Timer/GameFSM.vhd Line: 92
Info (10041): Inferred latch for "time_p1[23]" at GameFSM.vhd(92) File: C:/Users/micha/OneDrive/Documents/GitHub/FPGA-Reaction-Timer/GameFSM.vhd Line: 92
Info (10041): Inferred latch for "hex_disp[0]" at GameFSM.vhd(92) File: C:/Users/micha/OneDrive/Documents/GitHub/FPGA-Reaction-Timer/GameFSM.vhd Line: 92
Info (10041): Inferred latch for "hex_disp[1]" at GameFSM.vhd(92) File: C:/Users/micha/OneDrive/Documents/GitHub/FPGA-Reaction-Timer/GameFSM.vhd Line: 92
Info (10041): Inferred latch for "hex_disp[2]" at GameFSM.vhd(92) File: C:/Users/micha/OneDrive/Documents/GitHub/FPGA-Reaction-Timer/GameFSM.vhd Line: 92
Info (10041): Inferred latch for "hex_disp[3]" at GameFSM.vhd(92) File: C:/Users/micha/OneDrive/Documents/GitHub/FPGA-Reaction-Timer/GameFSM.vhd Line: 92
Info (12128): Elaborating entity "PreScale" for hierarchy "PreScale:prescaler" File: C:/Users/micha/OneDrive/Documents/GitHub/FPGA-Reaction-Timer/GameFSM.vhd Line: 66
Info (12128): Elaborating entity "RandGen" for hierarchy "RandGen:RandomGen" File: C:/Users/micha/OneDrive/Documents/GitHub/FPGA-Reaction-Timer/GameFSM.vhd Line: 74
Info (12128): Elaborating entity "SegDecoder" for hierarchy "SegDecoder:seg_decoder0" File: C:/Users/micha/OneDrive/Documents/GitHub/FPGA-Reaction-Timer/GameFSM.vhd Line: 165
Warning (13012): Latch hex_disp[0]$latch has unsafe behavior File: C:/Users/micha/OneDrive/Documents/GitHub/FPGA-Reaction-Timer/GameFSM.vhd Line: 92
    Warning (13013): Ports D and ENA on the latch are fed by the same signal current_state.DisplayP1 File: C:/Users/micha/OneDrive/Documents/GitHub/FPGA-Reaction-Timer/GameFSM.vhd Line: 25
Warning (13012): Latch hex_disp[1]$latch has unsafe behavior File: C:/Users/micha/OneDrive/Documents/GitHub/FPGA-Reaction-Timer/GameFSM.vhd Line: 92
    Warning (13013): Ports D and ENA on the latch are fed by the same signal current_state.DisplayP1 File: C:/Users/micha/OneDrive/Documents/GitHub/FPGA-Reaction-Timer/GameFSM.vhd Line: 25
Warning (13012): Latch hex_disp[2]$latch has unsafe behavior File: C:/Users/micha/OneDrive/Documents/GitHub/FPGA-Reaction-Timer/GameFSM.vhd Line: 92
    Warning (13013): Ports D and ENA on the latch are fed by the same signal current_state.DisplayP1 File: C:/Users/micha/OneDrive/Documents/GitHub/FPGA-Reaction-Timer/GameFSM.vhd Line: 25
Warning (13012): Latch hex_disp[3]$latch has unsafe behavior File: C:/Users/micha/OneDrive/Documents/GitHub/FPGA-Reaction-Timer/GameFSM.vhd Line: 92
    Warning (13013): Ports D and ENA on the latch are fed by the same signal current_state.DisplayP1 File: C:/Users/micha/OneDrive/Documents/GitHub/FPGA-Reaction-Timer/GameFSM.vhd Line: 25
Warning (13012): Latch next_state.DisplayP1_438 has unsafe behavior File: C:/Users/micha/OneDrive/Documents/GitHub/FPGA-Reaction-Timer/GameFSM.vhd Line: 92
    Warning (13013): Ports D and ENA on the latch are fed by the same signal current_state.P1Game File: C:/Users/micha/OneDrive/Documents/GitHub/FPGA-Reaction-Timer/GameFSM.vhd Line: 25
Warning (13012): Latch next_state.Setup_468 has unsafe behavior File: C:/Users/micha/OneDrive/Documents/GitHub/FPGA-Reaction-Timer/GameFSM.vhd Line: 92
    Warning (13013): Ports D and ENA on the latch are fed by the same signal KEY[0] File: C:/Users/micha/OneDrive/Documents/GitHub/FPGA-Reaction-Timer/GameFSM.vhd Line: 9
Warning (13012): Latch next_state.P1Game_448 has unsafe behavior File: C:/Users/micha/OneDrive/Documents/GitHub/FPGA-Reaction-Timer/GameFSM.vhd Line: 92
    Warning (13013): Ports D and ENA on the latch are fed by the same signal KEY[0] File: C:/Users/micha/OneDrive/Documents/GitHub/FPGA-Reaction-Timer/GameFSM.vhd Line: 9
Warning (13012): Latch next_state.P2Game_418 has unsafe behavior File: C:/Users/micha/OneDrive/Documents/GitHub/FPGA-Reaction-Timer/GameFSM.vhd Line: 92
    Warning (13013): Ports D and ENA on the latch are fed by the same signal KEY[1] File: C:/Users/micha/OneDrive/Documents/GitHub/FPGA-Reaction-Timer/GameFSM.vhd Line: 9
Warning (13012): Latch next_state.WaitP1_458 has unsafe behavior File: C:/Users/micha/OneDrive/Documents/GitHub/FPGA-Reaction-Timer/GameFSM.vhd Line: 92
    Warning (13013): Ports D and ENA on the latch are fed by the same signal KEY[0] File: C:/Users/micha/OneDrive/Documents/GitHub/FPGA-Reaction-Timer/GameFSM.vhd Line: 9
Warning (13012): Latch next_state.WaitP2_428 has unsafe behavior File: C:/Users/micha/OneDrive/Documents/GitHub/FPGA-Reaction-Timer/GameFSM.vhd Line: 92
    Warning (13013): Ports D and ENA on the latch are fed by the same signal KEY[1] File: C:/Users/micha/OneDrive/Documents/GitHub/FPGA-Reaction-Timer/GameFSM.vhd Line: 9
Warning (13012): Latch next_state.Compare_408 has unsafe behavior File: C:/Users/micha/OneDrive/Documents/GitHub/FPGA-Reaction-Timer/GameFSM.vhd Line: 92
    Warning (13013): Ports D and ENA on the latch are fed by the same signal current_state.P2Game File: C:/Users/micha/OneDrive/Documents/GitHub/FPGA-Reaction-Timer/GameFSM.vhd Line: 25
Warning (13024): Output pins are stuck at VCC or GND
    Warning (13410): Pin "HEX2[0]" is stuck at GND File: C:/Users/micha/OneDrive/Documents/GitHub/FPGA-Reaction-Timer/GameFSM.vhd Line: 15
    Warning (13410): Pin "HEX2[1]" is stuck at GND File: C:/Users/micha/OneDrive/Documents/GitHub/FPGA-Reaction-Timer/GameFSM.vhd Line: 15
    Warning (13410): Pin "HEX2[2]" is stuck at GND File: C:/Users/micha/OneDrive/Documents/GitHub/FPGA-Reaction-Timer/GameFSM.vhd Line: 15
    Warning (13410): Pin "HEX2[3]" is stuck at GND File: C:/Users/micha/OneDrive/Documents/GitHub/FPGA-Reaction-Timer/GameFSM.vhd Line: 15
    Warning (13410): Pin "HEX2[4]" is stuck at GND File: C:/Users/micha/OneDrive/Documents/GitHub/FPGA-Reaction-Timer/GameFSM.vhd Line: 15
    Warning (13410): Pin "HEX2[5]" is stuck at GND File: C:/Users/micha/OneDrive/Documents/GitHub/FPGA-Reaction-Timer/GameFSM.vhd Line: 15
    Warning (13410): Pin "HEX2[6]" is stuck at VCC File: C:/Users/micha/OneDrive/Documents/GitHub/FPGA-Reaction-Timer/GameFSM.vhd Line: 15
    Warning (13410): Pin "HEX3[0]" is stuck at GND File: C:/Users/micha/OneDrive/Documents/GitHub/FPGA-Reaction-Timer/GameFSM.vhd Line: 16
    Warning (13410): Pin "HEX3[1]" is stuck at GND File: C:/Users/micha/OneDrive/Documents/GitHub/FPGA-Reaction-Timer/GameFSM.vhd Line: 16
    Warning (13410): Pin "HEX3[2]" is stuck at GND File: C:/Users/micha/OneDrive/Documents/GitHub/FPGA-Reaction-Timer/GameFSM.vhd Line: 16
    Warning (13410): Pin "HEX3[3]" is stuck at GND File: C:/Users/micha/OneDrive/Documents/GitHub/FPGA-Reaction-Timer/GameFSM.vhd Line: 16
    Warning (13410): Pin "HEX3[4]" is stuck at GND File: C:/Users/micha/OneDrive/Documents/GitHub/FPGA-Reaction-Timer/GameFSM.vhd Line: 16
    Warning (13410): Pin "HEX3[5]" is stuck at GND File: C:/Users/micha/OneDrive/Documents/GitHub/FPGA-Reaction-Timer/GameFSM.vhd Line: 16
    Warning (13410): Pin "HEX3[6]" is stuck at VCC File: C:/Users/micha/OneDrive/Documents/GitHub/FPGA-Reaction-Timer/GameFSM.vhd Line: 16
    Warning (13410): Pin "HEX4[0]" is stuck at GND File: C:/Users/micha/OneDrive/Documents/GitHub/FPGA-Reaction-Timer/GameFSM.vhd Line: 17
    Warning (13410): Pin "HEX4[1]" is stuck at GND File: C:/Users/micha/OneDrive/Documents/GitHub/FPGA-Reaction-Timer/GameFSM.vhd Line: 17
    Warning (13410): Pin "HEX4[2]" is stuck at GND File: C:/Users/micha/OneDrive/Documents/GitHub/FPGA-Reaction-Timer/GameFSM.vhd Line: 17
    Warning (13410): Pin "HEX4[3]" is stuck at GND File: C:/Users/micha/OneDrive/Documents/GitHub/FPGA-Reaction-Timer/GameFSM.vhd Line: 17
    Warning (13410): Pin "HEX4[4]" is stuck at GND File: C:/Users/micha/OneDrive/Documents/GitHub/FPGA-Reaction-Timer/GameFSM.vhd Line: 17
    Warning (13410): Pin "HEX4[5]" is stuck at GND File: C:/Users/micha/OneDrive/Documents/GitHub/FPGA-Reaction-Timer/GameFSM.vhd Line: 17
    Warning (13410): Pin "HEX4[6]" is stuck at VCC File: C:/Users/micha/OneDrive/Documents/GitHub/FPGA-Reaction-Timer/GameFSM.vhd Line: 17
    Warning (13410): Pin "HEX5[0]" is stuck at GND File: C:/Users/micha/OneDrive/Documents/GitHub/FPGA-Reaction-Timer/GameFSM.vhd Line: 18
    Warning (13410): Pin "HEX5[1]" is stuck at GND File: C:/Users/micha/OneDrive/Documents/GitHub/FPGA-Reaction-Timer/GameFSM.vhd Line: 18
    Warning (13410): Pin "HEX5[2]" is stuck at GND File: C:/Users/micha/OneDrive/Documents/GitHub/FPGA-Reaction-Timer/GameFSM.vhd Line: 18
    Warning (13410): Pin "HEX5[3]" is stuck at GND File: C:/Users/micha/OneDrive/Documents/GitHub/FPGA-Reaction-Timer/GameFSM.vhd Line: 18
    Warning (13410): Pin "HEX5[4]" is stuck at GND File: C:/Users/micha/OneDrive/Documents/GitHub/FPGA-Reaction-Timer/GameFSM.vhd Line: 18
    Warning (13410): Pin "HEX5[5]" is stuck at GND File: C:/Users/micha/OneDrive/Documents/GitHub/FPGA-Reaction-Timer/GameFSM.vhd Line: 18
    Warning (13410): Pin "HEX5[6]" is stuck at VCC File: C:/Users/micha/OneDrive/Documents/GitHub/FPGA-Reaction-Timer/GameFSM.vhd Line: 18
    Warning (13410): Pin "winner_led[0]" is stuck at VCC File: C:/Users/micha/OneDrive/Documents/GitHub/FPGA-Reaction-Timer/GameFSM.vhd Line: 92
    Warning (13410): Pin "winner_led[1]" is stuck at VCC File: C:/Users/micha/OneDrive/Documents/GitHub/FPGA-Reaction-Timer/GameFSM.vhd Line: 92
Info (286030): Timing-Driven Synthesis is running
Warning (20013): Ignored 24 assignments for entity "DE10_Standard" -- entity does not exist in design
    Warning (20014): Assignment for entity set_instance_assignment -name PARTITION_HIERARCHY root_partition -to | -entity DE10_Standard -section_id Top was ignored
    Warning (20014): Assignment for entity set_global_assignment -name PARTITION_NETLIST_TYPE SOURCE -entity DE10_Standard -section_id Top was ignored
    Warning (20014): Assignment for entity set_global_assignment -name PARTITION_FITTER_PRESERVATION_LEVEL PLACEMENT_AND_ROUTING -entity DE10_Standard -section_id Top was ignored
    Warning (20014): Assignment for entity set_global_assignment -name PARTITION_PRESERVE_HIGH_SPEED_TILES ON -entity DE10_Standard -section_id Top was ignored
    Warning (20014): Assignment for entity set_global_assignment -name PARTITION_IGNORE_SOURCE_FILE_CHANGES OFF -entity DE10_Standard -section_id Top was ignored
    Warning (20014): Assignment for entity set_global_assignment -name PARTITION_ALWAYS_USE_QXP_NETLIST OFF -entity DE10_Standard -section_id Top was ignored
    Warning (20014): Assignment for entity set_global_assignment -name PARTITION_COLOR 16764057 -entity DE10_Standard -section_id Top was ignored
    Warning (20014): Assignment for entity set_global_assignment -name PARTITION_IMPORT_ASSIGNMENTS ON -entity DE10_Standard -section_id Top was ignored
    Warning (20014): Assignment for entity set_global_assignment -name PARTITION_IMPORT_EXISTING_ASSIGNMENTS REPLACE_CONFLICTING -entity DE10_Standard -section_id Top was ignored
    Warning (20014): Assignment for entity set_global_assignment -name PARTITION_IMPORT_EXISTING_LOGICLOCK_REGIONS UPDATE_CONFLICTING -entity DE10_Standard -section_id Top was ignored
    Warning (20014): Assignment for entity set_global_assignment -name PARTITION_IMPORT_PIN_ASSIGNMENTS ON -entity DE10_Standard -section_id Top was ignored
    Warning (20014): Assignment for entity set_global_assignment -name PARTITION_IMPORT_PROMOTE_ASSIGNMENTS ON -entity DE10_Standard -section_id Top was ignored
    Warning (20014): Assignment for entity set_global_assignment -name PARTITION_TYPE STANDARD_PARTITION -entity DE10_Standard -section_id Top was ignored
    Warning (20014): Assignment for entity set_global_assignment -name ALLOW_MULTIPLE_PERSONAS OFF -entity DE10_Standard -section_id Top was ignored
    Warning (20014): Assignment for entity set_global_assignment -name PARTITION_ASD_REGION_ID 1 -entity DE10_Standard -section_id Top was ignored
    Warning (20014): Assignment for entity set_global_assignment -name CROSS_BOUNDARY_OPTIMIZATIONS OFF -entity DE10_Standard -section_id Top was ignored
    Warning (20014): Assignment for entity set_global_assignment -name PROPAGATE_CONSTANTS_ON_INPUTS ON -entity DE10_Standard -section_id Top was ignored
    Warning (20014): Assignment for entity set_global_assignment -name PROPAGATE_INVERSIONS_ON_INPUTS ON -entity DE10_Standard -section_id Top was ignored
    Warning (20014): Assignment for entity set_global_assignment -name REMOVE_LOGIC_ON_UNCONNECTED_OUTPUTS ON -entity DE10_Standard -section_id Top was ignored
    Warning (20014): Assignment for entity set_global_assignment -name MERGE_EQUIVALENT_INPUTS ON -entity DE10_Standard -section_id Top was ignored
    Warning (20014): Assignment for entity set_global_assignment -name MERGE_EQUIVALENT_BIDIRS ON -entity DE10_Standard -section_id Top was ignored
    Warning (20014): Assignment for entity set_global_assignment -name ABSORB_PATHS_FROM_OUTPUTS_TO_INPUTS ON -entity DE10_Standard -section_id Top was ignored
    Warning (20014): Assignment for entity set_global_assignment -name PARTITION_EXTRACT_HARD_BLOCK_NODES ON -entity DE10_Standard -section_id Top was ignored
    Warning (20014): Assignment for entity set_global_assignment -name PARTITION_ENABLE_STRICT_PRESERVATION OFF -entity DE10_Standard -section_id Top was ignored
Warning (20013): Ignored 24 assignments for entity "de10" -- entity does not exist in design
    Warning (20014): Assignment for entity set_instance_assignment -name PARTITION_HIERARCHY root_partition -to | -entity de10 -section_id Top was ignored
    Warning (20014): Assignment for entity set_global_assignment -name PARTITION_NETLIST_TYPE SOURCE -entity de10 -section_id Top was ignored
    Warning (20014): Assignment for entity set_global_assignment -name PARTITION_FITTER_PRESERVATION_LEVEL PLACEMENT_AND_ROUTING -entity de10 -section_id Top was ignored
    Warning (20014): Assignment for entity set_global_assignment -name PARTITION_PRESERVE_HIGH_SPEED_TILES ON -entity de10 -section_id Top was ignored
    Warning (20014): Assignment for entity set_global_assignment -name PARTITION_IGNORE_SOURCE_FILE_CHANGES OFF -entity de10 -section_id Top was ignored
    Warning (20014): Assignment for entity set_global_assignment -name PARTITION_ALWAYS_USE_QXP_NETLIST OFF -entity de10 -section_id Top was ignored
    Warning (20014): Assignment for entity set_global_assignment -name PARTITION_COLOR 16764057 -entity de10 -section_id Top was ignored
    Warning (20014): Assignment for entity set_global_assignment -name PARTITION_IMPORT_ASSIGNMENTS ON -entity de10 -section_id Top was ignored
    Warning (20014): Assignment for entity set_global_assignment -name PARTITION_IMPORT_EXISTING_ASSIGNMENTS REPLACE_CONFLICTING -entity de10 -section_id Top was ignored
    Warning (20014): Assignment for entity set_global_assignment -name PARTITION_IMPORT_EXISTING_LOGICLOCK_REGIONS UPDATE_CONFLICTING -entity de10 -section_id Top was ignored
    Warning (20014): Assignment for entity set_global_assignment -name PARTITION_IMPORT_PIN_ASSIGNMENTS ON -entity de10 -section_id Top was ignored
    Warning (20014): Assignment for entity set_global_assignment -name PARTITION_IMPORT_PROMOTE_ASSIGNMENTS ON -entity de10 -section_id Top was ignored
    Warning (20014): Assignment for entity set_global_assignment -name PARTITION_TYPE STANDARD_PARTITION -entity de10 -section_id Top was ignored
    Warning (20014): Assignment for entity set_global_assignment -name ALLOW_MULTIPLE_PERSONAS OFF -entity de10 -section_id Top was ignored
    Warning (20014): Assignment for entity set_global_assignment -name PARTITION_ASD_REGION_ID 1 -entity de10 -section_id Top was ignored
    Warning (20014): Assignment for entity set_global_assignment -name CROSS_BOUNDARY_OPTIMIZATIONS OFF -entity de10 -section_id Top was ignored
    Warning (20014): Assignment for entity set_global_assignment -name PROPAGATE_CONSTANTS_ON_INPUTS ON -entity de10 -section_id Top was ignored
    Warning (20014): Assignment for entity set_global_assignment -name PROPAGATE_INVERSIONS_ON_INPUTS ON -entity de10 -section_id Top was ignored
    Warning (20014): Assignment for entity set_global_assignment -name REMOVE_LOGIC_ON_UNCONNECTED_OUTPUTS ON -entity de10 -section_id Top was ignored
    Warning (20014): Assignment for entity set_global_assignment -name MERGE_EQUIVALENT_INPUTS ON -entity de10 -section_id Top was ignored
    Warning (20014): Assignment for entity set_global_assignment -name MERGE_EQUIVALENT_BIDIRS ON -entity de10 -section_id Top was ignored
    Warning (20014): Assignment for entity set_global_assignment -name ABSORB_PATHS_FROM_OUTPUTS_TO_INPUTS ON -entity de10 -section_id Top was ignored
    Warning (20014): Assignment for entity set_global_assignment -name PARTITION_EXTRACT_HARD_BLOCK_NODES ON -entity de10 -section_id Top was ignored
    Warning (20014): Assignment for entity set_global_assignment -name PARTITION_ENABLE_STRICT_PRESERVATION OFF -entity de10 -section_id Top was ignored
Info (16010): Generating hard_block partition "hard_block:auto_generated_inst"
    Info (16011): Adding 0 node(s), including 0 DDIO, 0 PLL, 0 transceiver and 0 LCELL
Warning (21074): Design contains 5 input pin(s) that do not drive logic
    Warning (15610): No output dependent on input pin "SW[3]" File: C:/Users/micha/OneDrive/Documents/GitHub/FPGA-Reaction-Timer/GameFSM.vhd Line: 10
    Warning (15610): No output dependent on input pin "rand_num[0]" File: C:/Users/micha/OneDrive/Documents/GitHub/FPGA-Reaction-Timer/GameFSM.vhd Line: 11
    Warning (15610): No output dependent on input pin "rand_num[1]" File: C:/Users/micha/OneDrive/Documents/GitHub/FPGA-Reaction-Timer/GameFSM.vhd Line: 11
    Warning (15610): No output dependent on input pin "rand_num[2]" File: C:/Users/micha/OneDrive/Documents/GitHub/FPGA-Reaction-Timer/GameFSM.vhd Line: 11
    Warning (15610): No output dependent on input pin "rand_num[3]" File: C:/Users/micha/OneDrive/Documents/GitHub/FPGA-Reaction-Timer/GameFSM.vhd Line: 11
Info (21057): Implemented 136 device resources after synthesis - the final resource count might be different
    Info (21058): Implemented 12 input pins
    Info (21059): Implemented 48 output pins
    Info (21061): Implemented 76 logic cells
Info: Quartus Prime Analysis & Synthesis was successful. 0 errors, 122 warnings
    Info: Peak virtual memory: 4895 megabytes
    Info: Processing ended: Thu Dec  5 14:28:47 2024
    Info: Elapsed time: 00:00:08
    Info: Total CPU time (on all processors): 00:00:08


